{
  "stats": {
    "suites": 1,
    "tests": 1,
    "passes": 1,
    "pending": 0,
    "failures": 0,
    "start": "2020-04-26T18:46:15.418Z",
    "end": "2020-04-26T18:46:41.614Z",
    "duration": 26196,
    "testsRegistered": 1,
    "passPercent": 100,
    "pendingPercent": 0,
    "other": 0,
    "hasOther": false,
    "skipped": 0,
    "hasSkipped": false
  },
  "results": [
    {
      "uuid": "84e474e6-84b0-4382-a4ee-61339292fac4",
      "title": "",
      "fullFile": "cypress/integration/examples/BPSharePrice.js",
      "file": "cypress/integration/examples/BPSharePrice.js",
      "beforeHooks": [],
      "afterHooks": [],
      "tests": [],
      "suites": [
        {
          "uuid": "92295ad3-ea67-4626-9a17-3ff79cf2303f",
          "title": "SharePrice API Test",
          "fullFile": "",
          "file": "",
          "beforeHooks": [],
          "afterHooks": [],
          "tests": [
            {
              "title": "SharePrice throws 404",
              "fullTitle": "SharePrice API Test SharePrice throws 404",
              "timedOut": null,
              "duration": 24500,
              "state": "passed",
              "speed": "slow",
              "pass": true,
              "fail": false,
              "pending": false,
              "context": null,
              "code": "cy.server().route({\n  method: 'GET',\n  url: '/SharePriceFeed*',\n  status: 400,\n  response: {\n    error: \"Learn More\"\n  },\n  delay: 1000\n}).as('sharePrice');\ncy.visit('https://bp-com-test1.navitas.bpglobal.com/countries/en/global/home.html');\ncy.get('.nr-cookie-notification__cta-button').click();\ncy.wait('@sharePrice');\ncy.get('.nr-navigation__footer > .nr-navigation__shareprice').trigger('mouseover');\ncy.get('.nr-navigation__footer > .nr-navigation__shareprice').should('contain', \"error message\");",
              "err": {},
              "uuid": "29d5edf8-c14e-4c10-aabd-e1e252069245",
              "parentUUID": "92295ad3-ea67-4626-9a17-3ff79cf2303f",
              "isHook": false,
              "skipped": false
            }
          ],
          "suites": [],
          "passes": [
            "29d5edf8-c14e-4c10-aabd-e1e252069245"
          ],
          "failures": [],
          "pending": [],
          "skipped": [],
          "duration": 24500,
          "root": false,
          "rootEmpty": false,
          "_timeout": 2000
        }
      ],
      "passes": [],
      "failures": [],
      "pending": [],
      "skipped": [],
      "duration": 0,
      "root": true,
      "rootEmpty": true,
      "_timeout": 2000
    }
  ],
  "meta": {
    "mocha": {
      "version": "5.2.0"
    },
    "mochawesome": {
      "options": {
        "quiet": false,
        "reportFilename": "mochawesome",
        "saveHtml": true,
        "saveJson": true,
        "consoleReporter": "spec",
        "useInlineDiffs": false
      },
      "version": "4.1.0"
    },
    "marge": {
      "options": {},
      "version": "4.0.1"
    }
  }
}